<?xml version="1.0" encoding="UTF-8"?>
<!-- Generated by org.testng.reporters.JUnitXMLReporter -->
<testsuite ignored="0" hostname="Wagh" failures="0" tests="4" name="Surefire test" time="0.056" errors="0" timestamp="2024-04-01T23:06:54 IST">
  <testcase classname="Worldline.Assignment4.CalcTest" name="addTest" time="0.009"/>
  <testcase classname="Worldline.Assignment4.CalcTest" name="divTest" time="0.001"/>
  <testcase classname="Worldline.Assignment4.CalcTest" name="mulTest" time="0.001"/>
  <testcase classname="Worldline.Assignment4.CalcTest" name="subTest" time="0.0"/>
</testsuite> <!-- Surefire test -->
