<?xml version="1.0" encoding="UTF-8"?>
<testng-results ignored="0" total="4" passed="4" failed="0" skipped="0">
  <reporter-output>
  </reporter-output>
  <suite started-at="2024-04-01T23:06:54 IST" name="Surefire suite" finished-at="2024-04-01T23:06:54 IST" duration-ms="56">
    <groups>
    </groups>
    <test started-at="2024-04-01T23:06:54 IST" name="Surefire test" finished-at="2024-04-01T23:06:54 IST" duration-ms="56">
      <class name="Worldline.Assignment4.CalcTest">
        <test-method signature="addTest()[pri:0, instance:Worldline.Assignment4.CalcTest@40e6dfe1]" started-at="2024-04-01T23:06:54 IST" name="addTest" finished-at="2024-04-01T23:06:54 IST" duration-ms="9" status="PASS">
          <reporter-output>
          </reporter-output>
        </test-method> <!-- addTest -->
        <test-method signature="divTest()[pri:0, instance:Worldline.Assignment4.CalcTest@40e6dfe1]" started-at="2024-04-01T23:06:54 IST" name="divTest" finished-at="2024-04-01T23:06:54 IST" duration-ms="1" status="PASS">
          <reporter-output>
          </reporter-output>
        </test-method> <!-- divTest -->
        <test-method signature="mulTest()[pri:0, instance:Worldline.Assignment4.CalcTest@40e6dfe1]" started-at="2024-04-01T23:06:54 IST" name="mulTest" finished-at="2024-04-01T23:06:54 IST" duration-ms="1" status="PASS">
          <reporter-output>
          </reporter-output>
        </test-method> <!-- mulTest -->
        <test-method signature="subTest()[pri:0, instance:Worldline.Assignment4.CalcTest@40e6dfe1]" started-at="2024-04-01T23:06:54 IST" name="subTest" finished-at="2024-04-01T23:06:54 IST" duration-ms="0" status="PASS">
          <reporter-output>
          </reporter-output>
        </test-method> <!-- subTest -->
      </class> <!-- Worldline.Assignment4.CalcTest -->
    </test> <!-- Surefire test -->
  </suite> <!-- Surefire suite -->
</testng-results>
