<?xml version="1.0" encoding="UTF-8"?>
<testsuite xmlns:xsi="http://www.w3.org/2001/XMLSchema-instance" xsi:noNamespaceSchemaLocation="https://maven.apache.org/surefire/maven-surefire-plugin/xsd/surefire-test-report-3.0.xsd" version="3.0" name="Worldline.Assignment4.CalcTest" time="0.469" tests="4" errors="0" skipped="0" failures="0">
  <properties>
[...]
</properties>
  <testcase name="addTest" classname="Worldline.Assignment4.CalcTest" time="0.008">
    <system-err><![CDATA[SLF4J: Failed to load class "org.slf4j.impl.StaticLoggerBinder".
SLF4J: Defaulting to no-operation (NOP) logger implementation
SLF4J: See http://www.slf4j.org/codes.html#StaticLoggerBinder for further details.
]]></system-err>
  </testcase>
  <testcase name="divTest" classname="Worldline.Assignment4.CalcTest" time="0.0"/>
  <testcase name="mulTest" classname="Worldline.Assignment4.CalcTest" time="0.0"/>
  <testcase name="subTest" classname="Worldline.Assignment4.CalcTest" time="0.001"/>
</testsuite>